C51 COMPILER V9.56.0.0   TASK1                                                             09/25/2025 12:35:55 PAGE 1   


C51 COMPILER V9.56.0.0, COMPILATION OF MODULE TASK1
OBJECT MODULE PLACED IN .\Objects\Task1.obj
COMPILER INVOKED BY: C:\Keil_v5\C51\BIN\C51.EXE Task1.c OPTIMIZE(8,SPEED) BROWSE DEBUG OBJECTEXTEND PRINT(.\Listings\Tas
                    -k1.lst) TABS(2) OBJECT(.\Objects\Task1.obj)

line level    source

   1          // S Avaneeth
   2          // NNM24EE092
   3          // Blink fifth LED with a 1s delay between each state
   4          #include <MicroLABlet.h> 
   5          sbit first_LED=P2^4;  
   6          void main(void) 
   7          {  
   8   1        unsigned char count; 
   9   1        P2=0x00;                                  
  10   1        for(count=0;count<5;count++) 
  11   1        { 
  12   2          first_LED =1;   
  13   2          delay(1000); 
  14   2          first_LED =0;  
  15   2          delay(1000); 
  16   2        }
  17   1      } 


MODULE INFORMATION:   STATIC OVERLAYABLE
   CODE SIZE        =     84    ----
   CONSTANT SIZE    =   ----    ----
   XDATA SIZE       =   ----    ----
   PDATA SIZE       =   ----    ----
   DATA SIZE        =     12    ----
   IDATA SIZE       =   ----    ----
   BIT SIZE         =   ----    ----
END OF MODULE INFORMATION.


C51 COMPILATION COMPLETE.  0 WARNING(S),  0 ERROR(S)
