C51 COMPILER V9.56.0.0   TASK2                                                             09/25/2025 12:57:56 PAGE 1   


C51 COMPILER V9.56.0.0, COMPILATION OF MODULE TASK2
OBJECT MODULE PLACED IN .\Objects\Task2.obj
COMPILER INVOKED BY: C:\Keil_v5\C51\BIN\C51.EXE Task2.c OPTIMIZE(8,SPEED) BROWSE DEBUG OBJECTEXTEND PRINT(.\Listings\Tas
                    -k2.lst) TABS(2) OBJECT(.\Objects\Task2.obj)

line level    source

   1          // S Avaneeth
   2          // NNM24EE092
   3          // Blink first and second LED alternately with a 1 second delay
   4          #include <MicroLABlet.h> 
   5          void main(void) 
   6          {  
   7   1        P2=0x00;      
   8   1        while(1)                                  
   9   1        { 
  10   2          P2=0x80;  
  11   2          delay(1000);
  12   2          P2=0x40;  
  13   2          delay(1000);   
  14   2        }
  15   1      }    


MODULE INFORMATION:   STATIC OVERLAYABLE
   CODE SIZE        =     82    ----
   CONSTANT SIZE    =   ----    ----
   XDATA SIZE       =   ----    ----
   PDATA SIZE       =   ----    ----
   DATA SIZE        =     12    ----
   IDATA SIZE       =   ----    ----
   BIT SIZE         =   ----    ----
END OF MODULE INFORMATION.


C51 COMPILATION COMPLETE.  0 WARNING(S),  0 ERROR(S)
