C51 COMPILER V9.56.0.0   EXPT6                                                             11/06/2025 12:00:25 PAGE 1   


C51 COMPILER V9.56.0.0, COMPILATION OF MODULE EXPT6
OBJECT MODULE PLACED IN .\Objects\Expt6.obj
COMPILER INVOKED BY: C:\Keil_v5\C51\BIN\C51.EXE Expt6.c OPTIMIZE(8,SPEED) BROWSE DEBUG OBJECTEXTEND PRINT(.\Listings\Exp
                    -t6.lst) TABS(2) OBJECT(.\Objects\Expt6.obj)

line level    source

   1          // S Avaneeth
   2          // NNM24EE092
   3          // Serial Communication with relay and buzzer interfacing
   4          #include <MicroLABlet.h> 
   5          unsigned char control,charactor_count; 
   6          sbit buzzer=P3^5;
   7          sbit relay=P2^0;
   8          void main(void) 
   9          { 
  10   1        unsigned char Message[ ]="Micro-LABlet"; 
  11   1        buzzer=0;  //output port 
  12   1        buzzer=1;  //disable buzzer 
  13   1        relay=0;  //output port 
  14   1        relay=1;  //disable relay 
  15   1        TMOD=0x20;   //Timer 1 Mode 2 
  16   1        TH1=0xFD;   //9600 Baud rate 
  17   1        SCON=0x50;   //Serial Mode 1 
  18   1        TR1=1;      
  19   1        for (charactor_count=0;charactor_count<=12;charactor_count++) 
  20   1        { 
  21   2          SBUF=Message[charactor_count]; //Each charactor of message to be transferred serially  
  22   2          while(TI==0); 
  23   2          TI=0; 
  24   2        } 
  25   1        while(1) 
  26   1        { 
  27   2          while(RI==0); 
  28   2          control=SBUF; 
  29   2          RI=0; 
  30   2          if (control=='B')   //To turn ON Buzzer 
  31   2          {  
  32   3            buzzer=0; 
  33   3          } 
  34   2          if (control=='R')   //To turn ON Relay 
  35   2          { 
  36   3            relay=0; 
  37   3          }  
  38   2          if (control=='O')   //To turn off Buzzer and Relay 
  39   2          { 
  40   3            relay=1; 
  41   3            buzzer=1; 
  42   3          } 
  43   2        }  
  44   1      }


MODULE INFORMATION:   STATIC OVERLAYABLE
   CODE SIZE        =    155    ----
   CONSTANT SIZE    =     13    ----
   XDATA SIZE       =   ----    ----
   PDATA SIZE       =   ----    ----
   DATA SIZE        =     14      13
   IDATA SIZE       =   ----    ----
   BIT SIZE         =   ----    ----
C51 COMPILER V9.56.0.0   EXPT6                                                             11/06/2025 12:00:25 PAGE 2   

END OF MODULE INFORMATION.


C51 COMPILATION COMPLETE.  0 WARNING(S),  0 ERROR(S)
