C51 COMPILER V9.56.0.0   EXP2A                                                             09/05/2025 14:45:38 PAGE 1   


C51 COMPILER V9.56.0.0, COMPILATION OF MODULE EXP2A
OBJECT MODULE PLACED IN .\Objects\exp2a.obj
COMPILER INVOKED BY: C:\Keil_v5\C51\BIN\C51.EXE exp2a.c OPTIMIZE(8,SPEED) BROWSE DEBUG OBJECTEXTEND PRINT(.\Listings\exp
                    -2a.lst) TABS(2) OBJECT(.\Objects\exp2a.obj)

line level    source

   1          #include<reg51.h>
   2          unsigned char array[5]={0x54,0xab,0x56,0xc8,0xae};
   3          unsigned char temporary_register=0x00,count,array_length;
   4          void main(void)
   5          {
   6   1        array_length=sizeof(array)/sizeof(char);
   7   1        for(count=0;count<array_length;count++)
   8   1      {
   9   2        if(array[count]>temporary_register)
  10   2        {temporary_register=array[count];
  11   3        }
  12   2      }
  13   1      P2=temporary_register;
  14   1      } 


MODULE INFORMATION:   STATIC OVERLAYABLE
   CODE SIZE        =     35    ----
   CONSTANT SIZE    =   ----    ----
   XDATA SIZE       =   ----    ----
   PDATA SIZE       =   ----    ----
   DATA SIZE        =      8    ----
   IDATA SIZE       =   ----    ----
   BIT SIZE         =   ----    ----
END OF MODULE INFORMATION.


C51 COMPILATION COMPLETE.  0 WARNING(S),  0 ERROR(S)
