C51 COMPILER V9.56.0.0   EXPT5B                                                            10/09/2025 12:40:34 PAGE 1   


C51 COMPILER V9.56.0.0, COMPILATION OF MODULE EXPT5B
OBJECT MODULE PLACED IN .\Objects\Expt5b.obj
COMPILER INVOKED BY: C:\Keil_v5\C51\BIN\C51.EXE Expt5b.c OPTIMIZE(8,SPEED) BROWSE DEBUG OBJECTEXTEND PRINT(.\Listings\Ex
                    -pt5b.lst) TABS(2) OBJECT(.\Objects\Expt5b.obj)

line level    source

   1          // S Avaneeth
   2          // NNM24EE092
   3          // To display up and down counter in seven segment display based on switches SW1 and SW2
   4          #include <MicroLABlet.h> 
   5          #define declare_output_port 0x00 
   6          #define declare_input_port 0xFF 
   7          sbit buzzer_control = P3^5; 
   8          sbit key1=P3^4;
   9          sbit key2=P3^3; 
  10          void display(unsigned char display_value); 
  11          void main(void) 
  12          { 
  13   1        unsigned char array_counter=0,flag=0; 
  14   1        P1=declare_output_port;  
  15   1        key1 = 1; 
  16   1        key2 = 1;   
  17   1        buzzer_control = 0;
  18   1        buzzer_control = 1;
  19   1        while(1) 
  20   1        { 
  21   2          if(key1==1|key2==0)   
  22   2          {  
  23   3            break; 
  24   3          } 
  25   2        } 
  26   1        while(1)        
  27   1        {  
  28   2          if (key1==1) 
  29   2          {  
  30   3            flag=1; 
  31   3          } 
  32   2          if (key2==0) 
  33   2          { 
  34   3            flag=0; 
  35   3          } 
  36   2          if(flag==1) 
  37   2          {  
  38   3            array_counter++; 
  39   3            if (array_counter>10) 
  40   3            { 
  41   4              array_counter=0; 
  42   4            } 
  43   3          }   
  44   2          if(flag==0) 
  45   2          {   
  46   3            array_counter--; 
  47   3            if(array_counter==0xff) 
  48   3            { 
  49   4              array_counter=10; 
  50   4            } 
  51   3          }     
  52   2          display(array_counter);    
  53   2        }  
  54   1      }  
C51 COMPILER V9.56.0.0   EXPT5B                                                            10/09/2025 12:40:34 PAGE 2   



MODULE INFORMATION:   STATIC OVERLAYABLE
   CODE SIZE        =    233    ----
   CONSTANT SIZE    =     16    ----
   XDATA SIZE       =   ----    ----
   PDATA SIZE       =   ----    ----
   DATA SIZE        =     15      19
   IDATA SIZE       =   ----    ----
   BIT SIZE         =   ----    ----
END OF MODULE INFORMATION.


C51 COMPILATION COMPLETE.  0 WARNING(S),  0 ERROR(S)
