C51 COMPILER V9.56.0.0   EXPT3A                                                            09/11/2025 13:09:10 PAGE 1   


C51 COMPILER V9.56.0.0, COMPILATION OF MODULE EXPT3A
OBJECT MODULE PLACED IN .\Objects\Expt3a.obj
COMPILER INVOKED BY: C:\Keil_v5\C51\BIN\C51.EXE Expt3a.c OPTIMIZE(8,SPEED) BROWSE DEBUG OBJECTEXTEND PRINT(.\Listings\Ex
                    -pt3a.lst) TABS(2) OBJECT(.\Objects\Expt3a.obj)

line level    source

   1          // S Avaneeth
   2          // NNM24EE092
   3          // Blinking LED array with 1s delay
   4          #include <MicroLABlet.h> 
   5          void main(void) 
   6          {  
   7   1       P2=0x00;      
   8   1       while(1)                                  
   9   1        { 
  10   2        P2=0xf0;  
  11   2        delay(1000); //internal delay function of 1ms// 
  12   2        P2=0x00;  
  13   2        delay(1000);   
  14   2        }
  15   1      } 


MODULE INFORMATION:   STATIC OVERLAYABLE
   CODE SIZE        =     82    ----
   CONSTANT SIZE    =   ----    ----
   XDATA SIZE       =   ----    ----
   PDATA SIZE       =   ----    ----
   DATA SIZE        =     12    ----
   IDATA SIZE       =   ----    ----
   BIT SIZE         =   ----    ----
END OF MODULE INFORMATION.


C51 COMPILATION COMPLETE.  0 WARNING(S),  0 ERROR(S)
