C51 COMPILER V9.56.0.0   EXPT5A                                                            10/09/2025 13:02:59 PAGE 1   


C51 COMPILER V9.56.0.0, COMPILATION OF MODULE EXPT5A
OBJECT MODULE PLACED IN .\Objects\Expt5a.obj
COMPILER INVOKED BY: C:\Keil_v5\C51\BIN\C51.EXE Expt5a.c OPTIMIZE(8,SPEED) BROWSE DEBUG OBJECTEXTEND PRINT(.\Listings\Ex
                    -pt5a.lst) TABS(2) OBJECT(.\Objects\Expt5a.obj)

line level    source

   1          // S Avaneeth
   2          // NNM24EE092
   3          // To display digits from 00 to 10 down-counter in seven segment display 
   4          #include <MicroLABlet.h> 
   5          #define declare_output_port 0x00 
   6          #define enable 1 
   7          #define disable 0 
   8          sbit buzzer_control = P3^5; 
   9          sbit disp1_control= P3^6; 
  10          sbit disp2_control=P3^7; 
  11          char array_counter, length, fps, higher_nibble, lower_nibble; 
  12          void main(void) 
  13          {
  14   1        unsigned char hexcode_digit[ ]={0x3F,0x06,0x5B,0x4F,0x66,0x6D,0x7D,0x07,0x7F,0x6F,0x77, 0x7F, 0x39, 0x3F
             -, 0x79, 0x71};  
  15   1        P1=declare_output_port; 
  16   1        disp1_control= 0;                                    
  17   1        disp2_control=0;      
  18   1        buzzer_control = 0;                
  19   1        buzzer_control = 1;                              
  20   1        while(1)        
  21   1        {  
  22   2          for(array_counter=10;array_counter>=0;array_counter--) 
  23   2          { 
  24   3            higher_nibble=array_counter/10; 
  25   3            lower_nibble=array_counter%10; 
  26   3            for(fps=0;fps<=50;fps++) 
  27   3            { 
  28   4              disp1_control=enable;   
  29   4              disp2_control=disable; 
  30   4              P1= hexcode_digit [higher_nibble];  
  31   4              delay(10); 
  32   4              disp1_control=disable; 
  33   4              disp2_control=enable;     
  34   4              P1= hexcode_digit [lower_nibble];  
  35   4              delay(10); 
  36   4            } 
  37   3          }     
  38   2        }  
  39   1      } 


MODULE INFORMATION:   STATIC OVERLAYABLE
   CODE SIZE        =    176    ----
   CONSTANT SIZE    =     16    ----
   XDATA SIZE       =   ----    ----
   PDATA SIZE       =   ----    ----
   DATA SIZE        =     17      16
   IDATA SIZE       =   ----    ----
   BIT SIZE         =   ----    ----
END OF MODULE INFORMATION.


C51 COMPILATION COMPLETE.  0 WARNING(S),  0 ERROR(S)
