C51 COMPILER V9.56.0.0   EXPT_5                                                            10/16/2025 11:44:34 PAGE 1   


C51 COMPILER V9.56.0.0, COMPILATION OF MODULE EXPT_5
OBJECT MODULE PLACED IN .\Objects\Expt_5.obj
COMPILER INVOKED BY: C:\Keil_v5\C51\BIN\C51.EXE Expt_5.c OPTIMIZE(8,SPEED) BROWSE DEBUG OBJECTEXTEND PRINT(.\Listings\Ex
                    -pt_5.lst) TABS(2) OBJECT(.\Objects\Expt_5.obj)

line level    source

   1          // S Avaneeth
   2          // NNM24EE092
   3          // To display digits key value in both seven segment displays when the corresponding key in hex keypad is 
             -pressed 
   4          #include <MicroLABlet.h> 
   5          #include <readkey.c> 
*** WARNING C318 IN LINE 5 OF Expt_5.c: can't open file 'readkey.c'
   6          sbit buzzer_control = P3^5; 
   7          unsigned char key_value=0, check ; 
   8          void main ( ) 
   9          { 
  10   1        buzzer_control=0; //output port 
  11   1        P2=0x0F; //higher nibble output port and lower nibble input port 
  12   1        buzzer_control = 1; //disable buzzer 
  13   1        while(1) 
  14   1        {  
  15   2          P2=0x0F; 
  16   2          check=P2; 
  17   2          if(check!=0x0F) 
  18   2          { 
  19   3            key_value= readkey(); 
  20   3          } 
  21   2          display(key_value);  
  22   2        }    
  23   1      }


MODULE INFORMATION:   STATIC OVERLAYABLE
   CODE SIZE        =    359    ----
   CONSTANT SIZE    =     16    ----
   XDATA SIZE       =   ----    ----
   PDATA SIZE       =   ----    ----
   DATA SIZE        =     14      17
   IDATA SIZE       =   ----    ----
   BIT SIZE         =   ----    ----
END OF MODULE INFORMATION.


C51 COMPILATION COMPLETE.  1 WARNING(S),  0 ERROR(S)
